// ### GENERAL ###
// ezquake.pk3
base.pk3
frogbot.pk3
nquake.pk3
levelshots.pk3
locs.pk3
progs.pk3
scoreboard_flags.pk3

// ### HUD - GENERAL ###
hud.pk3
nquake_wad.pk3
// star_jedi_numbers.pk3

// ### HUD - CHARSETS ###
nquake_charsets.pk3
// povo5.pk3

// ### HUD - WEAPONS ###
nquake_wad_guns.pk3
// samon_weapon_hud.pk3
// simple-single_color-hud.pk3
// simple-single_color-hud-half_height_guns.pk3
models.pk3

// ### ITEMS - MODELS / TEXTURES ###
nquake_bmodels.pk3
nquake_models.pk3
simpleitems_dithes.pk3
colorized_qrp_models_and_bmodels.pk3
// simple-single_color-guns_colored.pk3
// simple-single_color-guns_grey.pk3
// simple-single_color-models.pk3
// QRP_model_textures.pk3

// ### MAPS - TEXTURES ###
textures.pk3
// dm2.pk3
// dm3.pk3
// e1m2.pk3
aerowalk.pk3
ztndm3.pk3
// dark3zz_matrix_blue_tele.pk3

// ### RERELEASE ASSETS ###
// rerelease_progs.pk3
// rerelease_sound.pk3
// rerelease_maps.pk3
// rerelease_gfx.pk3
// rerelease_gfxwad.pk3
